TN:
SF:app.js
FN:78,(anonymous_0)
FNF:1
FNH:1
FNDA:1,(anonymous_0)
DA:2,1
DA:3,1
DA:4,1
DA:5,1
DA:6,1
DA:7,1
DA:8,1
DA:9,1
DA:10,1
DA:11,1
DA:14,1
DA:17,1
DA:18,1
DA:19,1
DA:21,1
DA:23,1
DA:26,1
DA:29,1
DA:37,1
DA:38,1
DA:39,1
DA:46,1
DA:47,1
DA:70,1
DA:76,1
DA:78,1
DA:79,1
DA:84,1
DA:85,1
DA:87,1
LF:30
LH:30
BRF:0
BRH:0
end_of_record
TN:
SF:config\_winstonLogger.js
FNF:0
FNH:0
DA:1,1
DA:3,1
DA:14,1
DA:15,1
DA:22,1
LF:5
LH:5
BRDA:14,0,0,1
BRDA:14,0,1,0
BRF:2
BRH:1
end_of_record
TN:
SF:config\db.js
FN:5,(anonymous_0)
FNF:1
FNH:1
FNDA:1,(anonymous_0)
DA:2,1
DA:5,1
DA:6,1
DA:7,1
DA:10,0
DA:11,0
DA:15,1
LF:7
LH:5
BRF:0
BRH:0
end_of_record
TN:
SF:controllers\analyticsController.js
FN:6,(anonymous_0)
FNF:1
FNH:0
FNDA:0,(anonymous_0)
DA:1,1
DA:2,1
DA:3,1
DA:6,1
DA:7,0
DA:8,0
DA:9,0
DA:11,0
DA:23,1
LF:9
LH:5
BRF:0
BRH:0
end_of_record
TN:
SF:controllers\authController.js
FN:24,(anonymous_0)
FN:125,(anonymous_1)
FN:173,(anonymous_2)
FN:189,(anonymous_3)
FN:234,(anonymous_4)
FN:283,(anonymous_5)
FNF:6
FNH:0
FNDA:0,(anonymous_0)
FNDA:0,(anonymous_1)
FNDA:0,(anonymous_2)
FNDA:0,(anonymous_3)
FNDA:0,(anonymous_4)
FNDA:0,(anonymous_5)
DA:2,1
DA:3,1
DA:4,1
DA:5,1
DA:6,1
DA:7,1
DA:11,1
DA:15,1
DA:24,1
DA:25,0
DA:26,0
DA:28,0
DA:29,0
DA:41,0
DA:42,0
DA:54,0
DA:55,0
DA:68,0
DA:69,0
DA:70,0
DA:79,0
DA:80,0
DA:83,0
DA:92,0
DA:94,0
DA:96,0
DA:97,0
DA:98,0
DA:99,0
DA:101,0
DA:107,0
DA:114,0
DA:125,1
DA:126,0
DA:128,0
DA:130,0
DA:131,0
DA:138,0
DA:139,0
DA:146,0
DA:148,0
DA:149,0
DA:156,0
DA:173,1
DA:174,0
DA:189,1
DA:190,0
DA:192,0
DA:194,0
DA:195,0
DA:196,0
DA:203,0
DA:204,0
DA:205,0
DA:212,0
DA:213,0
DA:214,0
DA:215,0
DA:217,0
DA:222,0
DA:234,1
DA:235,0
DA:237,0
DA:238,0
DA:240,0
DA:241,0
DA:247,0
DA:250,0
DA:261,0
DA:262,0
DA:263,0
DA:265,0
DA:270,0
DA:283,1
DA:284,0
DA:285,0
DA:287,0
DA:289,0
DA:293,0
DA:294,0
DA:301,0
DA:304,0
DA:305,0
DA:306,0
DA:307,0
DA:309,0
DA:314,0
DA:318,1
LF:88
LH:15
BRDA:28,0,0,0
BRDA:28,0,1,0
BRDA:41,1,0,0
BRDA:41,1,1,0
BRDA:54,2,0,0
BRDA:54,2,1,0
BRDA:69,3,0,0
BRDA:69,3,1,0
BRDA:94,4,0,0
BRDA:94,4,1,0
BRDA:130,5,0,0
BRDA:130,5,1,0
BRDA:138,6,0,0
BRDA:138,6,1,0
BRDA:146,7,0,0
BRDA:146,7,1,0
BRDA:146,8,0,0
BRDA:146,8,1,0
BRDA:195,9,0,0
BRDA:195,9,1,0
BRDA:204,10,0,0
BRDA:204,10,1,0
BRDA:240,11,0,0
BRDA:240,11,1,0
BRDA:293,12,0,0
BRDA:293,12,1,0
BRF:26
BRH:0
end_of_record
TN:
SF:controllers\bookController.js
FN:6,(anonymous_0)
FN:18,(anonymous_1)
FN:42,(anonymous_2)
FN:63,(anonymous_3)
FN:82,(anonymous_4)
FN:125,(anonymous_5)
FN:164,(anonymous_6)
FN:191,(anonymous_7)
FNF:8
FNH:0
FNDA:0,(anonymous_0)
FNDA:0,(anonymous_1)
FNDA:0,(anonymous_2)
FNDA:0,(anonymous_3)
FNDA:0,(anonymous_4)
FNDA:0,(anonymous_5)
FNDA:0,(anonymous_6)
FNDA:0,(anonymous_7)
DA:1,1
DA:2,1
DA:3,1
DA:6,1
DA:7,0
DA:8,0
DA:18,1
DA:19,0
DA:20,0
DA:21,0
DA:23,0
DA:28,0
DA:29,0
DA:30,0
DA:32,0
DA:42,1
DA:43,0
DA:45,0
DA:46,0
DA:52,0
DA:53,0
DA:56,0
DA:58,0
DA:63,1
DA:64,0
DA:66,0
DA:67,0
DA:71,0
DA:72,0
DA:75,0
DA:77,0
DA:82,1
DA:83,0
DA:98,0
DA:100,0
DA:117,0
DA:118,0
DA:120,0
DA:125,1
DA:126,0
DA:136,0
DA:138,0
DA:139,0
DA:140,0
DA:143,0
DA:144,0
DA:152,0
DA:157,0
DA:159,0
DA:164,1
DA:165,0
DA:166,0
DA:168,0
DA:169,0
DA:172,0
DA:173,0
DA:181,0
DA:184,0
DA:186,0
DA:191,1
DA:192,0
DA:194,0
DA:195,0
DA:200,0
DA:201,0
DA:203,0
DA:205,0
DA:209,1
LF:68
LH:12
BRDA:19,0,0,0
BRDA:19,0,1,0
BRDA:29,1,0,0
BRDA:29,1,1,0
BRDA:30,2,0,0
BRDA:30,2,1,0
BRDA:52,3,0,0
BRDA:52,3,1,0
BRDA:71,4,0,0
BRDA:71,4,1,0
BRDA:139,5,0,0
BRDA:139,5,1,0
BRDA:143,6,0,0
BRDA:143,6,1,0
BRDA:168,7,0,0
BRDA:168,7,1,0
BRDA:172,8,0,0
BRDA:172,8,1,0
BRDA:200,9,0,0
BRDA:200,9,1,0
BRF:20
BRH:0
end_of_record
TN:
SF:controllers\cartController.js
FN:12,(anonymous_0)
FN:42,(anonymous_1)
FN:61,(anonymous_2)
FN:88,(anonymous_3)
FN:106,(anonymous_4)
FN:118,(anonymous_5)
FN:141,(anonymous_6)
FN:165,(anonymous_7)
FN:177,(anonymous_8)
FNF:9
FNH:0
FNDA:0,(anonymous_0)
FNDA:0,(anonymous_1)
FNDA:0,(anonymous_2)
FNDA:0,(anonymous_3)
FNDA:0,(anonymous_4)
FNDA:0,(anonymous_5)
FNDA:0,(anonymous_6)
FNDA:0,(anonymous_7)
FNDA:0,(anonymous_8)
DA:1,1
DA:2,1
DA:3,1
DA:4,1
DA:12,1
DA:13,0
DA:15,0
DA:17,0
DA:19,0
DA:20,0
DA:23,0
DA:31,0
DA:42,1
DA:43,0
DA:44,0
DA:46,0
DA:47,0
DA:49,0
DA:51,0
DA:52,0
DA:55,0
DA:57,0
DA:61,0
DA:62,0
DA:65,0
DA:67,0
DA:68,0
DA:71,0
DA:77,0
DA:84,0
DA:88,0
DA:89,0
DA:92,0
DA:94,0
DA:96,0
DA:106,1
DA:107,0
DA:108,0
DA:110,0
DA:111,0
DA:113,0
DA:114,0
DA:118,0
DA:119,0
DA:122,0
DA:123,0
DA:127,0
DA:128,0
DA:129,0
DA:131,0
DA:141,1
DA:142,0
DA:144,0
DA:146,0
DA:148,0
DA:155,0
DA:165,1
DA:166,0
DA:167,0
DA:169,0
DA:170,0
DA:172,0
DA:173,0
DA:177,0
DA:179,0
DA:180,0
DA:184,0
DA:185,0
DA:187,0
DA:189,0
DA:196,0
LF:71
LH:9
BRDA:19,0,0,0
BRDA:19,0,1,0
BRDA:51,1,0,0
BRDA:51,1,1,0
BRDA:55,2,0,0
BRDA:55,2,1,0
BRDA:65,3,0,0
BRDA:65,3,1,0
BRDA:113,4,0,0
BRDA:113,4,1,0
BRDA:122,5,0,0
BRDA:122,5,1,0
BRDA:172,6,0,0
BRDA:172,6,1,0
BRDA:179,7,0,0
BRDA:179,7,1,0
BRF:16
BRH:0
end_of_record
TN:
SF:controllers\orderController.js
FN:11,(anonymous_0)
FN:45,(anonymous_1)
FNF:2
FNH:0
FNDA:0,(anonymous_0)
FNDA:0,(anonymous_1)
DA:1,1
DA:2,1
DA:11,1
DA:12,0
DA:13,0
DA:14,0
DA:16,0
DA:25,0
DA:26,0
DA:27,0
DA:29,0
DA:45,1
DA:46,0
DA:47,0
DA:49,0
DA:50,0
DA:52,0
DA:53,0
DA:57,0
DA:60,0
DA:61,0
DA:69,0
DA:73,1
LF:23
LH:5
BRDA:12,0,0,0
BRDA:12,0,1,0
BRDA:26,1,0,0
BRDA:26,1,1,0
BRDA:27,2,0,0
BRDA:27,2,1,0
BRDA:52,3,0,0
BRDA:52,3,1,0
BRF:8
BRH:0
end_of_record
TN:
SF:controllers\paymentController.js
FN:12,(anonymous_0)
FN:84,(anonymous_1)
FNF:2
FNH:0
FNDA:0,(anonymous_0)
FNDA:0,(anonymous_1)
DA:1,1
DA:2,1
DA:3,1
DA:12,1
DA:13,0
DA:14,0
DA:16,0
DA:17,0
DA:19,0
DA:20,0
DA:33,0
DA:34,0
DA:46,0
DA:47,0
DA:58,0
DA:59,0
DA:71,0
DA:72,0
DA:84,0
DA:89,0
DA:105,0
DA:107,0
DA:115,0
DA:118,0
DA:121,0
DA:123,0
DA:124,0
DA:126,0
DA:130,0
DA:131,0
DA:132,0
DA:136,1
LF:32
LH:5
BRDA:19,0,0,0
BRDA:19,0,1,0
BRDA:19,1,0,0
BRDA:19,1,1,0
BRDA:19,1,2,0
BRDA:33,2,0,0
BRDA:33,2,1,0
BRDA:33,3,0,0
BRDA:33,3,1,0
BRDA:46,4,0,0
BRDA:46,4,1,0
BRDA:58,5,0,0
BRDA:58,5,1,0
BRDA:71,6,0,0
BRDA:71,6,1,0
BRF:15
BRH:0
end_of_record
TN:
SF:controllers\reviewController.js
FN:17,(anonymous_0)
FN:60,(anonymous_1)
FNF:2
FNH:0
FNDA:0,(anonymous_0)
FNDA:0,(anonymous_1)
DA:2,1
DA:3,1
DA:17,1
DA:18,0
DA:19,0
DA:20,0
DA:22,0
DA:23,0
DA:25,0
DA:26,0
DA:44,0
DA:58,0
DA:59,0
DA:60,0
DA:65,0
DA:66,0
DA:68,0
DA:70,0
DA:77,0
DA:81,1
LF:20
LH:4
BRDA:25,0,0,0
BRDA:25,0,1,0
BRF:2
BRH:0
end_of_record
TN:
SF:controllers\userController.js
FN:13,(anonymous_0)
FN:59,(anonymous_1)
FN:84,(anonymous_2)
FNF:3
FNH:0
FNDA:0,(anonymous_0)
FNDA:0,(anonymous_1)
FNDA:0,(anonymous_2)
DA:2,1
DA:3,1
DA:4,1
DA:13,1
DA:14,0
DA:16,0
DA:17,0
DA:24,0
DA:26,0
DA:28,0
DA:30,0
DA:35,0
DA:36,0
DA:42,0
DA:48,0
DA:59,1
DA:60,0
DA:61,0
DA:62,0
DA:69,0
DA:84,1
DA:85,0
DA:87,0
DA:88,0
DA:90,0
DA:91,0
DA:98,0
DA:105,0
DA:113,1
LF:29
LH:7
BRDA:16,0,0,0
BRDA:16,0,1,0
BRDA:16,1,0,0
BRDA:16,1,1,0
BRDA:35,2,0,0
BRDA:35,2,1,0
BRDA:90,3,0,0
BRDA:90,3,1,0
BRF:8
BRH:0
end_of_record
TN:
SF:controllers\wishlistController.js
FN:12,(anonymous_0)
FN:50,(anonymous_1)
FN:92,(anonymous_2)
FNF:3
FNH:0
FNDA:0,(anonymous_0)
FNDA:0,(anonymous_1)
FNDA:0,(anonymous_2)
DA:1,1
DA:2,1
DA:3,1
DA:12,1
DA:13,0
DA:15,0
DA:17,0
DA:19,0
DA:20,0
DA:28,0
DA:30,0
DA:37,0
DA:50,1
DA:51,0
DA:52,0
DA:54,0
DA:56,0
DA:57,0
DA:65,0
DA:67,0
DA:68,0
DA:72,0
DA:76,0
DA:92,1
DA:93,0
DA:94,0
DA:96,0
DA:98,0
DA:101,0
DA:102,0
DA:110,0
DA:111,0
DA:112,0
DA:118,0
DA:121,0
DA:124,0
DA:126,0
DA:130,1
LF:38
LH:7
BRDA:19,0,0,0
BRDA:19,0,1,0
BRDA:56,1,0,0
BRDA:56,1,1,0
BRDA:67,2,0,0
BRDA:67,2,1,0
BRDA:101,3,0,0
BRDA:101,3,1,0
BRDA:111,4,0,0
BRDA:111,4,1,0
BRF:10
BRH:0
end_of_record
TN:
SF:helper\generateToken.js
FN:8,(anonymous_0)
FN:18,(anonymous_1)
FNF:2
FNH:0
FNDA:0,(anonymous_0)
FNDA:0,(anonymous_1)
DA:2,1
DA:8,1
DA:9,0
DA:18,1
DA:19,0
DA:20,0
DA:22,0
DA:25,1
LF:8
LH:4
BRF:0
BRH:0
end_of_record
TN:
SF:middleware\authMiddleware.js
FN:8,(anonymous_0)
FNF:1
FNH:0
FNDA:0,(anonymous_0)
DA:1,1
DA:2,1
DA:8,1
DA:9,0
DA:10,0
DA:11,0
DA:17,0
DA:19,0
DA:20,0
DA:21,0
DA:22,0
DA:24,0
DA:31,1
LF:13
LH:4
BRDA:10,0,0,0
BRDA:10,0,1,0
BRF:2
BRH:0
end_of_record
TN:
SF:middleware\errorMiddleware.js
FN:2,(anonymous_0)
FN:11,(anonymous_1)
FNF:2
FNH:0
FNDA:0,(anonymous_0)
FNDA:0,(anonymous_1)
DA:2,1
DA:3,0
DA:4,0
DA:5,0
DA:11,1
DA:12,0
DA:13,0
DA:14,0
DA:17,1
LF:9
LH:3
BRDA:3,0,0,0
BRDA:3,0,1,0
BRDA:7,1,0,0
BRDA:7,1,1,0
BRF:4
BRH:0
end_of_record
TN:
SF:models\bookModel.js
FN:103,(anonymous_0)
FNF:1
FNH:0
FNDA:0,(anonymous_0)
DA:1,1
DA:5,1
DA:103,1
DA:107,0
DA:109,0
DA:110,0
DA:112,0
DA:113,0
DA:116,0
DA:117,0
DA:120,0
DA:121,0
DA:124,0
DA:125,0
DA:128,0
DA:131,0
DA:132,0
DA:134,0
DA:135,0
DA:137,0
DA:138,0
DA:142,0
DA:144,0
DA:145,0
DA:147,0
DA:148,0
DA:153,0
DA:156,1
DA:158,1
LF:29
LH:5
BRDA:109,0,0,0
BRDA:109,0,1,0
BRDA:112,1,0,0
BRDA:112,1,1,0
BRDA:116,2,0,0
BRDA:116,2,1,0
BRDA:120,3,0,0
BRDA:120,3,1,0
BRDA:124,4,0,0
BRDA:124,4,1,0
BRDA:131,5,0,0
BRDA:131,5,1,0
BRDA:132,6,0,0
BRDA:132,6,1,0
BRDA:132,6,2,0
BRDA:142,7,0,0
BRDA:142,7,1,0
BRDA:142,7,2,0
BRF:18
BRH:0
end_of_record
TN:
SF:models\cartModel.js
FNF:0
FNH:0
DA:1,1
DA:5,1
DA:33,1
DA:45,1
LF:4
LH:4
BRF:0
BRH:0
end_of_record
TN:
SF:models\orderModel.js
FN:58,(anonymous_0)
FN:64,(anonymous_1)
FN:76,(anonymous_2)
FN:84,(anonymous_3)
FNF:4
FNH:0
FNDA:0,(anonymous_0)
FNDA:0,(anonymous_1)
FNDA:0,(anonymous_2)
FNDA:0,(anonymous_3)
DA:1,1
DA:2,1
DA:6,1
DA:18,1
DA:58,0
DA:64,0
DA:76,1
DA:77,0
DA:78,0
DA:80,0
DA:84,1
DA:85,0
DA:86,0
DA:88,0
DA:91,1
DA:93,1
LF:16
LH:8
BRDA:77,0,0,0
BRDA:77,0,1,0
BRDA:85,1,0,0
BRDA:85,1,1,0
BRF:4
BRH:0
end_of_record
TN:
SF:models\userModel.js
FNF:0
FNH:0
DA:1,1
DA:5,1
DA:59,1
DA:61,1
LF:4
LH:4
BRF:0
BRH:0
end_of_record
TN:
SF:routes\analyticsRouters.js
FNF:0
FNH:0
DA:2,1
DA:3,1
DA:5,1
DA:7,1
DA:10,1
DA:12,1
LF:6
LH:6
BRF:0
BRH:0
end_of_record
TN:
SF:routes\bookRouters.js
FNF:0
FNH:0
DA:1,1
DA:2,1
DA:13,1
DA:16,1
DA:18,1
DA:21,1
DA:23,1
DA:25,1
DA:26,1
DA:28,1
LF:10
LH:10
BRF:0
BRH:0
end_of_record
TN:
SF:routes\cartRouters.js
FNF:0
FNH:0
DA:2,1
DA:3,1
DA:11,1
DA:13,1
DA:16,1
DA:17,1
DA:18,1
DA:19,1
DA:20,1
DA:22,1
LF:10
LH:10
BRF:0
BRH:0
end_of_record
TN:
SF:routes\index.js
FNF:0
FNH:0
DA:2,1
DA:4,1
DA:7,1
DA:8,1
DA:9,1
DA:10,1
DA:11,1
DA:12,1
DA:13,1
DA:16,1
DA:17,1
DA:18,1
DA:19,1
DA:20,1
DA:21,1
DA:22,1
DA:25,1
LF:17
LH:17
BRF:0
BRH:0
end_of_record
TN:
SF:routes\orderRouters.js
FNF:0
FNH:0
DA:2,1
DA:3,1
DA:5,1
DA:9,1
DA:11,1
DA:14,1
DA:15,1
DA:16,1
DA:18,1
LF:9
LH:9
BRF:0
BRH:0
end_of_record
TN:
SF:routes\reviewRouters.js
FNF:0
FNH:0
DA:2,1
DA:3,1
DA:5,1
DA:8,1
DA:11,1
DA:13,1
LF:6
LH:6
BRF:0
BRH:0
end_of_record
TN:
SF:routes\userRouters.js
FNF:0
FNH:0
DA:2,1
DA:3,1
DA:9,1
DA:11,1
DA:13,1
DA:15,1
DA:24,1
DA:30,1
DA:32,1
DA:35,1
DA:36,1
DA:37,1
DA:38,1
DA:39,1
DA:40,1
DA:41,1
DA:42,1
DA:43,1
DA:45,1
LF:19
LH:19
BRF:0
BRH:0
end_of_record
TN:
SF:routes\wishlistRouters.js
FNF:0
FNH:0
DA:2,1
DA:3,1
DA:9,1
DA:11,1
DA:14,1
DA:15,1
DA:16,1
DA:18,1
LF:8
LH:8
BRF:0
BRH:0
end_of_record
TN:
SF:services\emailService.js
FN:6,(anonymous_0)
FN:23,(anonymous_1)
FN:44,(anonymous_2)
FNF:3
FNH:0
FNDA:0,(anonymous_0)
FNDA:0,(anonymous_1)
FNDA:0,(anonymous_2)
DA:2,1
DA:3,1
DA:4,1
DA:6,1
DA:7,0
DA:23,1
DA:24,0
DA:25,0
DA:26,0
DA:32,0
DA:33,0
DA:35,0
DA:44,1
DA:45,0
DA:46,0
DA:47,0
DA:53,0
DA:54,0
DA:56,0
DA:60,1
LF:20
LH:7
BRF:0
BRH:0
end_of_record
TN:
SF:services\rateLimitService.js
FNF:0
FNH:0
DA:2,1
DA:4,1
DA:13,1
DA:22,1
DA:31,1
LF:5
LH:5
BRF:0
BRH:0
end_of_record
TN:
SF:services\responseService.js
FN:18,sendResponse
FNF:1
FNH:0
FNDA:0,sendResponse
DA:19,0
DA:25,0
DA:26,0
DA:29,0
DA:32,1
LF:5
LH:1
BRDA:25,0,0,0
BRDA:25,0,1,0
BRDA:25,1,0,0
BRDA:25,1,1,0
BRF:4
BRH:0
end_of_record
TN:
SF:utility\verifyAuthorization.js
FN:4,(anonymous_0)
FNF:1
FNH:0
FNDA:0,(anonymous_0)
DA:2,1
DA:4,1
DA:5,0
DA:8,1
LF:4
LH:3
BRF:0
BRH:0
end_of_record
